<?xml version="1.0" encoding="UTF-8"?>
<!-- Generated by org.testng.reporters.JUnitXMLReporter -->
<testsuite hostname="DESKTOP-1NMK8J7" ignored="1" name="Default test" tests="5" failures="1" timestamp="10 Oct 2018 13:38:41 GMT" time="0.138" errors="0">
  <testcase name="testSample4" time="0.009" classname="scripts.AnnotationsExample"/>
  <testcase name="testSample5" time="0.003" classname="scripts.AnnotationsExample"/>
  <testcase name="testSample3" time="0.0" classname="scripts.AnnotationsExample">
    <failure type="org.testng.TestNGException" message="
Parameter &amp;apos;a&amp;apos; is required by @Test on method testSample3 but has not been marked @Optional or defined
in C:\Users\hp\AppData\Local\Temp\testng-eclipse-547977885\testng-customsuite.xml">
      <![CDATA[org.testng.TestNGException: 
Parameter 'a' is required by @Test on method testSample3 but has not been marked @Optional or defined
in C:\Users\hp\AppData\Local\Temp\testng-eclipse-547977885\testng-customsuite.xml
at org.testng.internal.Parameters.createParams(Parameters.java:290)
at org.testng.internal.Parameters.createParametersForMethod(Parameters.java:359)
at org.testng.internal.Parameters.createParameters(Parameters.java:620)
at org.testng.internal.Parameters.handleParameters(Parameters.java:769)
at org.testng.internal.ParameterHandler.handleParameters(ParameterHandler.java:49)
at org.testng.internal.ParameterHandler.createParameters(ParameterHandler.java:37)
at org.testng.internal.Invoker.invokeTestMethods(Invoker.java:924)
at org.testng.internal.TestMethodWorker.invokeTestMethods(TestMethodWorker.java:125)
at org.testng.internal.TestMethodWorker.run(TestMethodWorker.java:109)
at org.testng.TestRunner.privateRun(TestRunner.java:648)
at org.testng.TestRunner.run(TestRunner.java:505)
at org.testng.SuiteRunner.runTest(SuiteRunner.java:455)
at org.testng.SuiteRunner.runSequentially(SuiteRunner.java:450)
at org.testng.SuiteRunner.privateRun(SuiteRunner.java:415)
at org.testng.SuiteRunner.run(SuiteRunner.java:364)
at org.testng.SuiteRunnerWorker.runSuite(SuiteRunnerWorker.java:52)
at org.testng.SuiteRunnerWorker.run(SuiteRunnerWorker.java:84)
at org.testng.TestNG.runSuitesSequentially(TestNG.java:1208)
at org.testng.TestNG.runSuitesLocally(TestNG.java:1137)
at org.testng.TestNG.runSuites(TestNG.java:1049)
at org.testng.TestNG.run(TestNG.java:1017)
at org.testng.remote.AbstractRemoteTestNG.run(AbstractRemoteTestNG.java:114)
at org.testng.remote.RemoteTestNG.initAndRun(RemoteTestNG.java:251)
at org.testng.remote.RemoteTestNG.main(RemoteTestNG.java:77)
]]>
    </failure>
  </testcase> <!-- testSample3 -->
  <testcase name="testSample1" time="0.003" classname="scripts.AnnotationsExample"/>
  <testcase name="testSample2" time="0.0" classname="scripts.AnnotationsExample">
    <skipped/>
  </testcase> <!-- testSample2 -->
  <testcase name="ignoreExample" time="0.0" classname="scripts.AnnotationsExample">
    <ignored/>
  </testcase> <!-- ignoreExample -->
</testsuite> <!-- Default test -->
